[2018-04-24 23:21:44.369] [renderer1] [error] Unable to write into user settings because the file is dirty. Please save the user settings file first and then try again.: Error: Unable to write into user settings because the file is dirty. Please save the user settings file first and then try again.
    at new t (file:///usr/share/code/resources/app/out/vs/workbench/workbench.main.js:3938:871)
    at e.wrapError (file:///usr/share/code/resources/app/out/vs/workbench/workbench.main.js:3942:709)
    at file:///usr/share/code/resources/app/out/vs/workbench/workbench.main.js:3946:766
    at Object.g [as _notify] (file:///usr/share/code/resources/app/out/vs/workbench/workbench.main.js:146:572)
    at Object.enter (file:///usr/share/code/resources/app/out/vs/workbench/workbench.main.js:149:924)
    at n.Class.derive._creator._run (file:///usr/share/code/resources/app/out/vs/workbench/workbench.main.js:151:719)
    at n.Class.derive._creator._completed (file:///usr/share/code/resources/app/out/vs/workbench/workbench.main.js:151:160)
    at n.Class.derive._creator.then (file:///usr/share/code/resources/app/out/vs/workbench/workbench.main.js:153:119)
    at Object.enter (file:///usr/share/code/resources/app/out/vs/workbench/workbench.main.js:149:3)
    at n.Class.derive._creator._run (file:///usr/share/code/resources/app/out/vs/workbench/workbench.main.js:151:719)
    at n.Class.derive._creator._setCompleteValue (file:///usr/share/code/resources/app/out/vs/workbench/workbench.main.js:151:413)
    at Object.g [as _notify] (file:///usr/share/code/resources/app/out/vs/workbench/workbench.main.js:146:552)
    at Object.enter (file:///usr/share/code/resources/app/out/vs/workbench/workbench.main.js:149:924)
    at n.Class.derive._creator._run (file:///usr/share/code/resources/app/out/vs/workbench/workbench.main.js:151:719)
    at n.Class.derive._creator._completed (file:///usr/share/code/resources/app/out/vs/workbench/workbench.main.js:151:160)
    at n.Class.define.cancel.then (file:///usr/share/code/resources/app/out/vs/workbench/workbench.main.js:153:119)
    at Object.enter (file:///usr/share/code/resources/app/out/vs/workbench/workbench.main.js:149:3)
    at n.Class.derive._creator._run (file:///usr/share/code/resources/app/out/vs/workbench/workbench.main.js:151:719)
    at n.Class.derive._creator._setCompleteValue (file:///usr/share/code/resources/app/out/vs/workbench/workbench.main.js:151:413)
    at Object.g [as _notify] (file:///usr/share/code/resources/app/out/vs/workbench/workbench.main.js:146:552)
    at Object.enter (file:///usr/share/code/resources/app/out/vs/workbench/workbench.main.js:149:924)
    at n.Class.derive._oncancel._run (file:///usr/share/code/resources/app/out/vs/workbench/workbench.main.js:151:719)
    at n.Class.derive._oncancel._completed (file:///usr/share/code/resources/app/out/vs/workbench/workbench.main.js:151:160)
    at file:///usr/share/code/resources/app/out/vs/workbench/workbench.main.js:192:503
    at file:///usr/share/code/resources/app/out/vs/workbench/workbench.main.js:274:985
    at /usr/share/code/resources/app/node_modules.asar/graceful-fs/polyfills.js:287:18
    at FSReqWrap.oncomplete (original-fs.js:114:15)
[2018-04-24 23:22:23.702] [renderer1] [error] Unable to write into user settings because the file is dirty. Please save the user settings file first and then try again.: Error: Unable to write into user settings because the file is dirty. Please save the user settings file first and then try again.
    at new t (file:///usr/share/code/resources/app/out/vs/workbench/workbench.main.js:3938:871)
    at e.wrapError (file:///usr/share/code/resources/app/out/vs/workbench/workbench.main.js:3942:709)
    at file:///usr/share/code/resources/app/out/vs/workbench/workbench.main.js:3946:766
    at Object.g [as _notify] (file:///usr/share/code/resources/app/out/vs/workbench/workbench.main.js:146:572)
    at Object.enter (file:///usr/share/code/resources/app/out/vs/workbench/workbench.main.js:149:924)
    at n.Class.derive._creator._run (file:///usr/share/code/resources/app/out/vs/workbench/workbench.main.js:151:719)
    at n.Class.derive._creator._completed (file:///usr/share/code/resources/app/out/vs/workbench/workbench.main.js:151:160)
    at n.Class.derive._creator.then (file:///usr/share/code/resources/app/out/vs/workbench/workbench.main.js:153:119)
    at Object.enter (file:///usr/share/code/resources/app/out/vs/workbench/workbench.main.js:149:3)
    at n.Class.derive._creator._run (file:///usr/share/code/resources/app/out/vs/workbench/workbench.main.js:151:719)
    at n.Class.derive._creator._setCompleteValue (file:///usr/share/code/resources/app/out/vs/workbench/workbench.main.js:151:413)
    at Object.g [as _notify] (file:///usr/share/code/resources/app/out/vs/workbench/workbench.main.js:146:552)
    at Object.enter (file:///usr/share/code/resources/app/out/vs/workbench/workbench.main.js:149:924)
    at n.Class.derive._creator._run (file:///usr/share/code/resources/app/out/vs/workbench/workbench.main.js:151:719)
    at n.Class.derive._creator._completed (file:///usr/share/code/resources/app/out/vs/workbench/workbench.main.js:151:160)
    at n.Class.define.cancel.then (file:///usr/share/code/resources/app/out/vs/workbench/workbench.main.js:153:119)
    at Object.enter (file:///usr/share/code/resources/app/out/vs/workbench/workbench.main.js:149:3)
    at n.Class.derive._creator._run (file:///usr/share/code/resources/app/out/vs/workbench/workbench.main.js:151:719)
    at n.Class.derive._creator._setCompleteValue (file:///usr/share/code/resources/app/out/vs/workbench/workbench.main.js:151:413)
    at Object.g [as _notify] (file:///usr/share/code/resources/app/out/vs/workbench/workbench.main.js:146:552)
    at Object.enter (file:///usr/share/code/resources/app/out/vs/workbench/workbench.main.js:149:924)
    at n.Class.derive._oncancel._run (file:///usr/share/code/resources/app/out/vs/workbench/workbench.main.js:151:719)
    at n.Class.derive._oncancel._completed (file:///usr/share/code/resources/app/out/vs/workbench/workbench.main.js:151:160)
    at file:///usr/share/code/resources/app/out/vs/workbench/workbench.main.js:192:503
    at file:///usr/share/code/resources/app/out/vs/workbench/workbench.main.js:274:985
    at /usr/share/code/resources/app/node_modules.asar/graceful-fs/polyfills.js:287:18
    at FSReqWrap.oncomplete (original-fs.js:114:15)
[2018-04-24 23:35:22.586] [renderer1] [info] Requested uninstalling the extension ms-vscode.theme-tomorrowkit from window 1
[2018-04-24 23:35:22.634] [renderer1] [info] Uninstalling the extension ms-vscode.theme-tomorrowkit-0.1.4 from window 1
[2018-04-24 23:35:36.372] [renderer1] [info] Requested uninstalling the extension SolarLiner.linux-themes from window 1
[2018-04-24 23:35:36.430] [renderer1] [info] Uninstalling the extension SolarLiner.linux-themes-1.0.1 from window 1
[2018-04-24 23:35:43.264] [renderer1] [info] Requested uninstalling the extension arcticicestudio.nord-visual-studio-code from window 1
[2018-04-24 23:35:43.498] [renderer1] [info] Uninstalling the extension arcticicestudio.nord-visual-studio-code-0.6.0 from window 1
[2018-04-24 23:48:26.127] [renderer1] [error] Cannot read property 'id' of undefined: TypeError: Cannot read property 'id' of undefined
    at Object.r [as getGalleryExtensionIdFromLocal] (file:///usr/share/code/resources/app/out/vs/workbench/workbench.main.js:1252:534)
    at e._getIdentifier (file:///usr/share/code/resources/app/out/vs/workbench/workbench.main.js:2117:424)
    at e.setEnablement (file:///usr/share/code/resources/app/out/vs/workbench/workbench.main.js:2116:67)
    at file:///usr/share/code/resources/app/out/vs/workbench/workbench.main.js:3926:115
    at Object.g [as _notify] (file:///usr/share/code/resources/app/out/vs/workbench/workbench.main.js:146:572)
    at Object.enter (file:///usr/share/code/resources/app/out/vs/workbench/workbench.main.js:149:924)
    at n.Class.derive._creator._run (file:///usr/share/code/resources/app/out/vs/workbench/workbench.main.js:151:719)
    at n.Class.derive._creator._completed (file:///usr/share/code/resources/app/out/vs/workbench/workbench.main.js:151:160)
    at Object.g [as _notify] (file:///usr/share/code/resources/app/out/vs/workbench/workbench.main.js:146:572)
    at Object.enter (file:///usr/share/code/resources/app/out/vs/workbench/workbench.main.js:149:924)
    at n.Class.derive._oncancel._run (file:///usr/share/code/resources/app/out/vs/workbench/workbench.main.js:151:719)
    at n.Class.derive._oncancel._completed (file:///usr/share/code/resources/app/out/vs/workbench/workbench.main.js:151:160)
    at e.doRequest.n.TPromise.t.handlers.(anonymous function) (file:///usr/share/code/resources/app/out/vs/workbench/workbench.main.js:285:679)
    at e.onMessage (file:///usr/share/code/resources/app/out/vs/workbench/workbench.main.js:286:655)
    at file:///usr/share/code/resources/app/out/vs/workbench/workbench.main.js:285:10
    at e.fire (file:///usr/share/code/resources/app/out/vs/workbench/workbench.main.js:166:764)
    at Socket.<anonymous> (file:///usr/share/code/resources/app/out/vs/workbench/workbench.main.js:291:388)
    at emitOne (events.js:96:13)
    at Socket.emit (events.js:191:7)
    at readableAddChunk (_stream_readable.js:178:18)
    at Socket.Readable.push (_stream_readable.js:136:10)
    at Pipe.onread (net.js:560:20)
[2018-04-24 23:49:07.861] [renderer1] [info] Requested uninstalling the extension ms-vscode.atom-keybindings from window 1
[2018-04-24 23:49:07.881] [renderer1] [info] Uninstalling the extension ms-vscode.atom-keybindings-3.0.4 from window 1
