[16:34:41] Initializing LaTeX Workshop.
[16:34:41] Creating LaTeX Workshop http and websocket server.
[16:34:41] LaTeX Workshop initialized.
[16:34:41] Server created on 127.0.0.1:37858
[16:34:42] LaTeX Workshop version: 5.3.1
[16:34:42] Default data loaded.
[16:35:06] Found root file from active editor: /home/chieri/^o^/Uni/Y5/spring/433/Project/project.tex
[16:35:06] Root file changed from: undefined. Find all dependencies.
[16:35:06] Instatiating new file watcher for /home/chieri/^o^/Uni/Y5/spring/433/Project/project.tex
[16:35:06] Parsing /home/chieri/^o^/Uni/Y5/spring/433/Project/project.tex
[16:35:09] Root file remains unchanged from: /home/chieri/^o^/Uni/Y5/spring/433/Project/project.tex.
[16:35:09] Found root file from active editor: /home/chieri/^o^/Uni/Y5/spring/433/Project/project.tex
[16:35:09] Root file remains unchanged from: /home/chieri/^o^/Uni/Y5/spring/433/Project/project.tex.
[16:35:10] File watcher: responding to change in /home/chieri/^o^/Uni/Y5/spring/433/Project/project.tex
[16:35:10] Parsing /home/chieri/^o^/Uni/Y5/spring/433/Project/project.tex
[16:35:25] File watcher: responding to change in /home/chieri/^o^/Uni/Y5/spring/433/Project/project.tex
[16:35:25] Parsing /home/chieri/^o^/Uni/Y5/spring/433/Project/project.tex
[16:35:26] BUILD command invoked.
[16:35:26] Found root file from active editor: /home/chieri/^o^/Uni/Y5/spring/433/Project/project.tex
[16:35:26] Root file remains unchanged from: /home/chieri/^o^/Uni/Y5/spring/433/Project/project.tex.
[16:35:26] Building root file: /home/chieri/^o^/Uni/Y5/spring/433/Project/project.tex
[16:35:26] Build root file /home/chieri/^o^/Uni/Y5/spring/433/Project/project.tex
[16:35:26] Recipe step 1: latexmk, -synctex=1,-interaction=nonstopmode,-file-line-error,-pdf,-shell-escape,/home/chieri/^o^/Uni/Y5/spring/433/Project/project
[16:35:32] LaTeX log parsed with 0 messages.
[16:35:32] Recipe of length 1 finished.
[16:35:32] Successfully built /home/chieri/^o^/Uni/Y5/spring/433/Project/project.tex
[16:35:32] No PDF viewer connected for /home/chieri/^o^/Uni/Y5/spring/433/Project/project.pdf
[16:36:21] Root file remains unchanged from: /home/chieri/^o^/Uni/Y5/spring/433/Project/project.tex.
[16:45:12] Root file remains unchanged from: /home/chieri/^o^/Uni/Y5/spring/433/Project/project.tex.
[16:45:21] Root file remains unchanged from: /home/chieri/^o^/Uni/Y5/spring/433/Project/project.tex.
[16:46:23] Root file remains unchanged from: /home/chieri/^o^/Uni/Y5/spring/433/Project/project.tex.
[16:46:37] Root file remains unchanged from: /home/chieri/^o^/Uni/Y5/spring/433/Project/project.tex.
[16:46:38] Root file remains unchanged from: /home/chieri/^o^/Uni/Y5/spring/433/Project/project.tex.
[16:46:39] Root file remains unchanged from: /home/chieri/^o^/Uni/Y5/spring/433/Project/project.tex.
[17:18:24] Root file remains unchanged from: /home/chieri/^o^/Uni/Y5/spring/433/Project/project.tex.
[17:18:24] Root file remains unchanged from: /home/chieri/^o^/Uni/Y5/spring/433/Project/project.tex.
[17:18:24] Root file remains unchanged from: /home/chieri/^o^/Uni/Y5/spring/433/Project/project.tex.
[17:19:52] Root file remains unchanged from: /home/chieri/^o^/Uni/Y5/spring/433/Project/project.tex.
[17:22:42] Root file remains unchanged from: /home/chieri/^o^/Uni/Y5/spring/433/Project/project.tex.
[17:23:09] Root file remains unchanged from: /home/chieri/^o^/Uni/Y5/spring/433/Project/project.tex.
[17:23:09] Root file remains unchanged from: /home/chieri/^o^/Uni/Y5/spring/433/Project/project.tex.
[17:23:12] Root file remains unchanged from: /home/chieri/^o^/Uni/Y5/spring/433/Project/project.tex.
[17:23:13] Root file remains unchanged from: /home/chieri/^o^/Uni/Y5/spring/433/Project/project.tex.
[17:23:59] Root file remains unchanged from: /home/chieri/^o^/Uni/Y5/spring/433/Project/project.tex.
[17:25:12] Root file remains unchanged from: /home/chieri/^o^/Uni/Y5/spring/433/Project/project.tex.
[17:26:23] Root file remains unchanged from: /home/chieri/^o^/Uni/Y5/spring/433/Project/project.tex.
[17:26:24] Root file remains unchanged from: /home/chieri/^o^/Uni/Y5/spring/433/Project/project.tex.
[17:26:26] Root file remains unchanged from: /home/chieri/^o^/Uni/Y5/spring/433/Project/project.tex.
[17:26:26] Root file remains unchanged from: /home/chieri/^o^/Uni/Y5/spring/433/Project/project.tex.
[17:27:48] Root file remains unchanged from: /home/chieri/^o^/Uni/Y5/spring/433/Project/project.tex.
[17:27:48] Found root file from active editor: /home/chieri/^o^/template.tex
[17:27:48] Root file changed from: /home/chieri/^o^/Uni/Y5/spring/433/Project/project.tex. Find all dependencies.
[17:27:48] Root file changed -> cleaning up old file watcher.
[17:27:48] Instatiating new file watcher for /home/chieri/^o^/template.tex
[17:27:48] Parsing /home/chieri/^o^/template.tex
[17:27:49] Root file remains unchanged from: /home/chieri/^o^/template.tex.
[17:27:49] Root file remains unchanged from: /home/chieri/^o^/template.tex.
[17:27:50] Root file remains unchanged from: /home/chieri/^o^/template.tex.
[17:27:50] Root file remains unchanged from: /home/chieri/^o^/template.tex.
[17:27:51] Root file remains unchanged from: /home/chieri/^o^/template.tex.
[17:27:51] Root file remains unchanged from: /home/chieri/^o^/template.tex.
[17:29:31] Root file remains unchanged from: /home/chieri/^o^/template.tex.
[17:29:32] Root file remains unchanged from: /home/chieri/^o^/template.tex.
[17:29:32] Root file remains unchanged from: /home/chieri/^o^/template.tex.
[17:29:33] Found root file from active editor: /home/chieri/^o^/template.tex
[17:29:33] Root file remains unchanged from: /home/chieri/^o^/template.tex.
[17:29:48] Found root file from active editor: /home/chieri/^o^/Uni/Y5/spring/433/Project/project.tex
[17:29:48] Root file changed from: /home/chieri/^o^/template.tex. Find all dependencies.
[17:29:48] Root file changed -> cleaning up old file watcher.
[17:29:48] Instatiating new file watcher for /home/chieri/^o^/Uni/Y5/spring/433/Project/project.tex
[17:29:48] Parsing /home/chieri/^o^/Uni/Y5/spring/433/Project/project.tex
[17:29:49] Root file remains unchanged from: /home/chieri/^o^/Uni/Y5/spring/433/Project/project.tex.
[17:29:49] Root file remains unchanged from: /home/chieri/^o^/Uni/Y5/spring/433/Project/project.tex.
[17:29:50] Root file remains unchanged from: /home/chieri/^o^/Uni/Y5/spring/433/Project/project.tex.
[17:29:50] Root file remains unchanged from: /home/chieri/^o^/Uni/Y5/spring/433/Project/project.tex.
[17:29:50] Found root file from active editor: /home/chieri/^o^/template.tex
[17:29:50] Root file changed from: /home/chieri/^o^/Uni/Y5/spring/433/Project/project.tex. Find all dependencies.
[17:29:50] Root file changed -> cleaning up old file watcher.
[17:29:50] Instatiating new file watcher for /home/chieri/^o^/template.tex
[17:29:50] Parsing /home/chieri/^o^/template.tex
[17:29:51] Root file remains unchanged from: /home/chieri/^o^/template.tex.
[17:29:51] Found root file from active editor: /home/chieri/^o^/template.tex
[17:29:51] Root file remains unchanged from: /home/chieri/^o^/template.tex.
[17:29:52] Root file remains unchanged from: /home/chieri/^o^/template.tex.
[17:31:31] Root file remains unchanged from: /home/chieri/^o^/template.tex.
[17:32:23] Root file remains unchanged from: /home/chieri/^o^/template.tex.
[17:37:37] Root file remains unchanged from: /home/chieri/^o^/template.tex.
[17:37:37] Root file remains unchanged from: /home/chieri/^o^/template.tex.
[17:37:37] Root file remains unchanged from: /home/chieri/^o^/template.tex.
[17:37:38] Root file remains unchanged from: /home/chieri/^o^/template.tex.
[17:40:03] Root file remains unchanged from: /home/chieri/^o^/template.tex.
[17:40:04] Root file remains unchanged from: /home/chieri/^o^/template.tex.
[17:40:05] Root file remains unchanged from: /home/chieri/^o^/template.tex.
[17:40:56] Root file remains unchanged from: /home/chieri/^o^/template.tex.
[17:40:57] Root file remains unchanged from: /home/chieri/^o^/template.tex.
[17:44:03] Root file remains unchanged from: /home/chieri/^o^/template.tex.
[17:45:12] Root file remains unchanged from: /home/chieri/^o^/template.tex.
[17:45:15] Found root file from active editor: /home/chieri/^o^/template.tex
[17:45:15] Root file remains unchanged from: /home/chieri/^o^/template.tex.
[17:45:17] Found root file from active editor: /home/chieri/^o^/Uni/Y5/spring/433/Project/project.tex
[17:45:17] Root file changed from: /home/chieri/^o^/template.tex. Find all dependencies.
[17:45:17] Root file changed -> cleaning up old file watcher.
[17:45:17] Instatiating new file watcher for /home/chieri/^o^/Uni/Y5/spring/433/Project/project.tex
[17:45:17] Parsing /home/chieri/^o^/Uni/Y5/spring/433/Project/project.tex
[17:45:21] Found root file from active editor: /home/chieri/^o^/template.tex
[17:45:21] Root file changed from: /home/chieri/^o^/Uni/Y5/spring/433/Project/project.tex. Find all dependencies.
[17:45:21] Root file changed -> cleaning up old file watcher.
[17:45:21] Instatiating new file watcher for /home/chieri/^o^/template.tex
[17:45:21] Parsing /home/chieri/^o^/template.tex
[17:45:30] File watcher: responding to change in /home/chieri/^o^/template.tex
[17:45:30] Parsing /home/chieri/^o^/template.tex
[18:47:29] Root file remains unchanged from: /home/chieri/^o^/template.tex.
[18:48:19] Root file remains unchanged from: /home/chieri/^o^/template.tex.
[18:49:12] Root file remains unchanged from: /home/chieri/^o^/template.tex.
[18:49:20] Root file remains unchanged from: /home/chieri/^o^/template.tex.
[18:49:21] Root file remains unchanged from: /home/chieri/^o^/template.tex.
[18:49:26] Root file remains unchanged from: /home/chieri/^o^/template.tex.
[18:49:28] Root file remains unchanged from: /home/chieri/^o^/template.tex.
[18:49:30] Root file remains unchanged from: /home/chieri/^o^/template.tex.
[18:49:33] Root file remains unchanged from: /home/chieri/^o^/template.tex.
[18:49:35] Root file remains unchanged from: /home/chieri/^o^/template.tex.
[18:49:36] Root file remains unchanged from: /home/chieri/^o^/template.tex.
[18:49:38] Found root file from active editor: /home/chieri/^o^/template.tex
[18:49:38] Root file remains unchanged from: /home/chieri/^o^/template.tex.
[18:49:39] Root file remains unchanged from: /home/chieri/^o^/template.tex.
[18:49:39] Root file remains unchanged from: /home/chieri/^o^/template.tex.
[18:49:40] Root file remains unchanged from: /home/chieri/^o^/template.tex.
[18:54:37] Root file remains unchanged from: /home/chieri/^o^/template.tex.
[19:10:11] Root file remains unchanged from: /home/chieri/^o^/template.tex.
[19:10:15] Found root file from active editor: /home/chieri/^o^/template.tex
[19:10:15] Root file remains unchanged from: /home/chieri/^o^/template.tex.
[19:10:18] Found root file from active editor: /home/chieri/^o^/Uni/Y5/spring/433/Project/project.tex
[19:10:18] Root file changed from: /home/chieri/^o^/template.tex. Find all dependencies.
[19:10:18] Root file changed -> cleaning up old file watcher.
[19:10:18] Instatiating new file watcher for /home/chieri/^o^/Uni/Y5/spring/433/Project/project.tex
[19:10:18] Parsing /home/chieri/^o^/Uni/Y5/spring/433/Project/project.tex
[19:10:19] Found root file from active editor: /home/chieri/^o^/template.tex
[19:10:19] Root file changed from: /home/chieri/^o^/Uni/Y5/spring/433/Project/project.tex. Find all dependencies.
[19:10:19] Root file changed -> cleaning up old file watcher.
[19:10:19] Instatiating new file watcher for /home/chieri/^o^/template.tex
[19:10:19] Parsing /home/chieri/^o^/template.tex
[19:10:20] Found root file from active editor: /home/chieri/^o^/Uni/Y5/spring/433/Project/project.tex
[19:10:20] Root file changed from: /home/chieri/^o^/template.tex. Find all dependencies.
[19:10:20] Root file changed -> cleaning up old file watcher.
[19:10:20] Instatiating new file watcher for /home/chieri/^o^/Uni/Y5/spring/433/Project/project.tex
[19:10:20] Parsing /home/chieri/^o^/Uni/Y5/spring/433/Project/project.tex
[19:10:20] Root file remains unchanged from: /home/chieri/^o^/Uni/Y5/spring/433/Project/project.tex.
[19:10:21] Root file remains unchanged from: /home/chieri/^o^/Uni/Y5/spring/433/Project/project.tex.
[19:10:21] Root file remains unchanged from: /home/chieri/^o^/Uni/Y5/spring/433/Project/project.tex.
[19:10:22] Root file remains unchanged from: /home/chieri/^o^/Uni/Y5/spring/433/Project/project.tex.
[19:11:26] Root file remains unchanged from: /home/chieri/^o^/Uni/Y5/spring/433/Project/project.tex.
[19:13:07] Root file remains unchanged from: /home/chieri/^o^/Uni/Y5/spring/433/Project/project.tex.
[19:13:20] Root file remains unchanged from: /home/chieri/^o^/Uni/Y5/spring/433/Project/project.tex.
[19:13:41] Root file remains unchanged from: /home/chieri/^o^/Uni/Y5/spring/433/Project/project.tex.
[19:13:41] Root file remains unchanged from: /home/chieri/^o^/Uni/Y5/spring/433/Project/project.tex.
[19:19:28] Root file remains unchanged from: /home/chieri/^o^/Uni/Y5/spring/433/Project/project.tex.
[19:21:34] Root file remains unchanged from: /home/chieri/^o^/Uni/Y5/spring/433/Project/project.tex.
[19:23:13] Root file remains unchanged from: /home/chieri/^o^/Uni/Y5/spring/433/Project/project.tex.
[19:23:16] Root file remains unchanged from: /home/chieri/^o^/Uni/Y5/spring/433/Project/project.tex.
[19:23:42] Root file remains unchanged from: /home/chieri/^o^/Uni/Y5/spring/433/Project/project.tex.
[19:40:33] Root file remains unchanged from: /home/chieri/^o^/Uni/Y5/spring/433/Project/project.tex.
[20:41:45] Root file remains unchanged from: /home/chieri/^o^/Uni/Y5/spring/433/Project/project.tex.
[20:41:47] Root file remains unchanged from: /home/chieri/^o^/Uni/Y5/spring/433/Project/project.tex.
[20:41:48] Root file remains unchanged from: /home/chieri/^o^/Uni/Y5/spring/433/Project/project.tex.
[20:41:48] Found root file from active editor: /home/chieri/^o^/Uni/Y5/spring/433/Project/project.tex
[20:41:48] Root file remains unchanged from: /home/chieri/^o^/Uni/Y5/spring/433/Project/project.tex.
[20:46:05] Root file remains unchanged from: /home/chieri/^o^/Uni/Y5/spring/433/Project/project.tex.
[20:46:08] Root file remains unchanged from: /home/chieri/^o^/Uni/Y5/spring/433/Project/project.tex.
[20:46:53] Root file remains unchanged from: /home/chieri/^o^/Uni/Y5/spring/433/Project/project.tex.
[20:46:54] Root file remains unchanged from: /home/chieri/^o^/Uni/Y5/spring/433/Project/project.tex.
[20:47:12] Root file remains unchanged from: /home/chieri/^o^/Uni/Y5/spring/433/Project/project.tex.
