ReadyLatexmk: This is Latexmk, John Collins, 1 January 2015, version: 4.41.
Rule 'pdflatex': File changes, etc:
   Changed files, or newly in use since previous run(s):
      '/home/chieri/^o^/Uni/Y5/spring/433/Project/project.tex'
      'project.tex'
------------
Run number 1 of rule 'pdflatex'
------------
------------
Running 'pdflatex  -synctex=1 -interaction=nonstopmode -file-line-error -shell-escape -recorder  "/home/chieri/^o^/Uni/Y5/spring/433/Project/project.tex"'
------------
Latexmk: applying rule 'pdflatex'...
This is pdfTeX, Version 3.14159265-2.6-1.40.17 (TeX Live 2016/Debian) (preloaded format=pdflatex)
 \write18 enabled.
entering extended mode
(/home/chieri/^o^/Uni/Y5/spring/433/Project/project.tex
LaTeX2e <2017/01/01> patch level 3
Babel <3.9r> and hyphenation patterns for 3 language(s) loaded.
(/home/chieri/texmf/tex/latex/extsizes/extreport.cls
Document Class: extreport 1996/10/08 v1.0 Non Standard LaTeX document class
(/home/chieri/texmf/tex/latex/base/size12.clo)
(/home/chieri/texmf/tex/latex/base/exscale.sty))
(/usr/share/texlive/texmf-dist/tex/generic/babel/babel.sty
(/usr/share/texlive/texmf-dist/tex/generic/babel-english/english.ldf
(/usr/share/texlive/texmf-dist/tex/generic/babel/babel.def)))
(/home/chieri/texmf/tex/latex/biblatex/biblatex.sty
(/usr/share/texlive/texmf-dist/tex/generic/oberdiek/pdftexcmds.sty
(/usr/share/texlive/texmf-dist/tex/generic/oberdiek/infwarerr.sty)
(/usr/share/texlive/texmf-dist/tex/generic/oberdiek/ifluatex.sty)
(/usr/share/texlive/texmf-dist/tex/generic/oberdiek/ltxcmds.sty)
(/usr/share/texlive/texmf-dist/tex/generic/oberdiek/ifpdf.sty))
(/home/chieri/texmf/tex/latex/etoolbox/etoolbox.sty)
(/usr/share/texlive/texmf-dist/tex/latex/graphics/keyval.sty)
(/usr/share/texlive/texmf-dist/tex/latex/oberdiek/kvoptions.sty
(/usr/share/texlive/texmf-dist/tex/generic/oberdiek/kvsetkeys.sty
(/usr/share/texlive/texmf-dist/tex/generic/oberdiek/etexcmds.sty)))
(/home/chieri/texmf/tex/latex/logreq/logreq.sty
(/home/chieri/texmf/tex/latex/logreq/logreq.def))
(/home/chieri/texmf/tex/latex/base/ifthen.sty)
(/usr/share/texlive/texmf-dist/tex/latex/url/url.sty)
(/home/chieri/texmf/tex/generic/xstring/xstring.sty
(/home/chieri/texmf/tex/generic/xstring/xstring.tex))
(/home/chieri/texmf/tex/latex/biblatex/blx-dm.def)
(/home/chieri/texmf/tex/latex/biblatex/blx-compat.def)
(/home/chieri/texmf/tex/latex/biblatex/biblatex.def)
(/home/chieri/texmf/tex/latex/biblatex-ieee/ieee.bbx
(/home/chieri/texmf/tex/latex/biblatex/bbx/numeric-comp.bbx
(/home/chieri/texmf/tex/latex/biblatex/bbx/numeric.bbx
(/home/chieri/texmf/tex/latex/biblatex/bbx/standard.bbx))))
(/home/chieri/texmf/tex/latex/biblatex-ieee/ieee.cbx
(/home/chieri/texmf/tex/latex/biblatex/cbx/numeric-comp.cbx))
(/home/chieri/texmf/tex/latex/biblatex/biblatex.cfg))
(/usr/share/texlive/texmf-dist/tex/latex/geometry/geometry.sty
(/usr/share/texlive/texmf-dist/tex/generic/oberdiek/ifvtex.sty)
(/usr/share/texlive/texmf-dist/tex/generic/ifxetex/ifxetex.sty))
(/home/chieri/texmf/tex/latex/base/inputenc.sty
(/home/chieri/texmf/tex/latex/base/utf8.def
(/home/chieri/texmf/tex/latex/base/t1enc.dfu)
(/home/chieri/texmf/tex/latex/base/ot1enc.dfu)
(/home/chieri/texmf/tex/latex/base/omsenc.dfu)))
(/home/chieri/texmf/tex/latex/minted/minted.sty
(/home/chieri/texmf/tex/latex/fvextra/fvextra.sty
(/home/chieri/texmf/tex/latex/fancyvrb/fancyvrb.sty
Style option: `fancyvrb' v2.7a, with DG/SPQR fixes, and firstline=lastline fix 
<2008/02/07> (tvz)) (/home/chieri/texmf/tex/latex/upquote/upquote.sty)
(/home/chieri/texmf/tex/latex/lineno/lineno.sty))
(/usr/share/texlive/texmf-dist/tex/latex/tools/calc.sty)
(/usr/share/texlive/texmf-dist/tex/latex/tools/shellesc.sty)
(/home/chieri/texmf/tex/latex/ifplatform/ifplatform.sty
(/usr/share/texlive/texmf-dist/tex/generic/oberdiek/catchfile.sty)
(./project.w18)) (/home/chieri/texmf/tex/latex/framed/framed.sty)
(/home/chieri/texmf/tex/latex/float/float.sty))
(/home/chieri/texmf/tex/latex/xcolor/xcolor.sty
(/usr/share/texlive/texmf-dist/tex/latex/graphics-cfg/color.cfg)
(/usr/share/texlive/texmf-dist/tex/latex/graphics-def/pdftex.def)
(/home/chieri/texmf/tex/latex/xcolor/x11nam.def))
(/home/chieri/texmf/tex/latex/algorithmicx/algpseudocode.sty
(/home/chieri/texmf/tex/latex/algorithmicx/algorithmicx.sty
Document Style algorithmicx 1.2 - a greatly improved `algorithmic' style
)
Document Style - pseudocode environments for use with the `algorithmicx' style
) (/usr/share/texlive/texmf-dist/tex/latex/amsmath/amsmath.sty
For additional information on amsmath, use the `?' option.
(/usr/share/texlive/texmf-dist/tex/latex/amsmath/amstext.sty
(/usr/share/texlive/texmf-dist/tex/latex/amsmath/amsgen.sty))
(/usr/share/texlive/texmf-dist/tex/latex/amsmath/amsbsy.sty)
(/usr/share/texlive/texmf-dist/tex/latex/amsmath/amsopn.sty))
(/usr/share/texlive/texmf-dist/tex/latex/amsfonts/amssymb.sty
(/usr/share/texlive/texmf-dist/tex/latex/amsfonts/amsfonts.sty))
(/usr/share/texlive/texmf-dist/tex/latex/tools/array.sty)
(/usr/share/texlive/texmf-dist/tex/latex/tools/bm.sty)
(/home/chieri/texmf/tex/latex/booktabs/booktabs.sty)
(/home/chieri/texmf/tex/latex/caption/caption.sty
(/home/chieri/texmf/tex/latex/caption/caption3.sty))
(/home/chieri/texmf/tex/latex/csquotes/csquotes.sty
(/home/chieri/texmf/tex/latex/csquotes/csquotes.def)
(/home/chieri/texmf/tex/latex/csquotes/csquotes.cfg))
(/home/chieri/texmf/tex/latex/enumitem/enumitem.sty)
(/usr/share/texlive/texmf-dist/tex/latex/fancyhdr/fancyhdr.sty)
(/home/chieri/texmf/tex/latex/base/fix-cm.sty
(/home/chieri/texmf/tex/latex/base/ts1enc.def
(/home/chieri/texmf/tex/latex/base/ts1enc.dfu)))
(/usr/share/texlive/texmf-dist/tex/latex/graphics/graphicx.sty
(/usr/share/texlive/texmf-dist/tex/latex/graphics/graphics.sty
(/usr/share/texlive/texmf-dist/tex/latex/graphics/trig.sty)
(/usr/share/texlive/texmf-dist/tex/latex/graphics-cfg/graphics.cfg)))
(/usr/share/texlive/texmf-dist/tex/latex/hyperref/hyperref.sty
(/usr/share/texlive/texmf-dist/tex/generic/oberdiek/hobsub-hyperref.sty
(/usr/share/texlive/texmf-dist/tex/generic/oberdiek/hobsub-generic.sty))
(/usr/share/texlive/texmf-dist/tex/latex/oberdiek/auxhook.sty)
(/usr/share/texlive/texmf-dist/tex/latex/hyperref/pd1enc.def)
(/usr/share/texlive/texmf-dist/tex/latex/latexconfig/hyperref.cfg))

Package hyperref Message: Driver (autodetected): hpdftex.

(/usr/share/texlive/texmf-dist/tex/latex/hyperref/hpdftex.def
(/usr/share/texlive/texmf-dist/tex/latex/oberdiek/rerunfilecheck.sty))
(/home/chieri/texmf/tex/latex/lastpage/lastpage.sty)
(/home/chieri/texmf/tex/latex/lipsum/lipsum.sty)
(/usr/share/texmf/tex/latex/lm/lmodern.sty)
(/usr/share/texlive/texmf-dist/tex/latex/graphics/lscape.sty)
(/home/chieri/texmf/tex/latex/makecell/makecell.sty)
(/home/chieri/texmf/tex/latex/microtype/microtype.sty
(/home/chieri/texmf/tex/latex/microtype/microtype-pdftex.def)
(/home/chieri/texmf/tex/latex/microtype/microtype.cfg))
(/usr/share/texlive/texmf-dist/tex/latex/tools/multicol.sty)
(/home/chieri/texmf/tex/latex/ms/ragged2e.sty
(/home/chieri/texmf/tex/latex/ms/everysel.sty))
(/home/chieri/texmf/tex/latex/setspace/setspace.sty)
(/home/chieri/texmf/tex/latex/siunitx/siunitx.sty
(/home/chieri/texmf/tex/latex/l3kernel/expl3.sty
(/home/chieri/texmf/tex/latex/l3kernel/expl3-code.tex)
(/home/chieri/texmf/tex/latex/l3kernel/l3pdfmode.def))
(/home/chieri/texmf/tex/latex/l3packages/xparse/xparse.sty)
(/home/chieri/texmf/tex/latex/l3packages/l3keys2e/l3keys2e.sty))
(/home/chieri/texmf/tex/latex/caption/subcaption.sty)
(/usr/share/texlive/texmf-dist/tex/latex/tools/tabularx.sty)
(/home/chieri/texmf/tex/latex/pgf/frontendlayer/tikz.sty
(/home/chieri/texmf/tex/latex/pgf/basiclayer/pgf.sty
(/home/chieri/texmf/tex/latex/pgf/utilities/pgfrcs.sty
(/home/chieri/texmf/tex/generic/pgf/utilities/pgfutil-common.tex
(/home/chieri/texmf/tex/generic/pgf/utilities/pgfutil-common-lists.tex))
(/home/chieri/texmf/tex/generic/pgf/utilities/pgfutil-latex.def
(/home/chieri/texmf/tex/latex/ms/everyshi.sty))
(/home/chieri/texmf/tex/generic/pgf/utilities/pgfrcs.code.tex))
(/home/chieri/texmf/tex/latex/pgf/basiclayer/pgfcore.sty
(/home/chieri/texmf/tex/latex/pgf/systemlayer/pgfsys.sty
(/home/chieri/texmf/tex/generic/pgf/systemlayer/pgfsys.code.tex
(/home/chieri/texmf/tex/generic/pgf/utilities/pgfkeys.code.tex
(/home/chieri/texmf/tex/generic/pgf/utilities/pgfkeysfiltered.code.tex))
(/home/chieri/texmf/tex/generic/pgf/systemlayer/pgf.cfg)
(/home/chieri/texmf/tex/generic/pgf/systemlayer/pgfsys-pdftex.def
(/home/chieri/texmf/tex/generic/pgf/systemlayer/pgfsys-common-pdf.def)))
(/home/chieri/texmf/tex/generic/pgf/systemlayer/pgfsyssoftpath.code.tex)
(/home/chieri/texmf/tex/generic/pgf/systemlayer/pgfsysprotocol.code.tex))
(/home/chieri/texmf/tex/generic/pgf/basiclayer/pgfcore.code.tex
(/home/chieri/texmf/tex/generic/pgf/math/pgfmath.code.tex
(/home/chieri/texmf/tex/generic/pgf/math/pgfmathcalc.code.tex
(/home/chieri/texmf/tex/generic/pgf/math/pgfmathutil.code.tex)
(/home/chieri/texmf/tex/generic/pgf/math/pgfmathparser.code.tex)
(/home/chieri/texmf/tex/generic/pgf/math/pgfmathfunctions.code.tex
(/home/chieri/texmf/tex/generic/pgf/math/pgfmathfunctions.basic.code.tex)
(/home/chieri/texmf/tex/generic/pgf/math/pgfmathfunctions.trigonometric.code.te
x) (/home/chieri/texmf/tex/generic/pgf/math/pgfmathfunctions.random.code.tex)
(/home/chieri/texmf/tex/generic/pgf/math/pgfmathfunctions.comparison.code.tex)
(/home/chieri/texmf/tex/generic/pgf/math/pgfmathfunctions.base.code.tex)
(/home/chieri/texmf/tex/generic/pgf/math/pgfmathfunctions.round.code.tex)
(/home/chieri/texmf/tex/generic/pgf/math/pgfmathfunctions.misc.code.tex)
(/home/chieri/texmf/tex/generic/pgf/math/pgfmathfunctions.integerarithmetics.co
de.tex))) (/home/chieri/texmf/tex/generic/pgf/math/pgfmathfloat.code.tex))
(/home/chieri/texmf/tex/generic/pgf/basiclayer/pgfcorepoints.code.tex)
(/home/chieri/texmf/tex/generic/pgf/basiclayer/pgfcorepathconstruct.code.tex)
(/home/chieri/texmf/tex/generic/pgf/basiclayer/pgfcorepathusage.code.tex)
(/home/chieri/texmf/tex/generic/pgf/basiclayer/pgfcorescopes.code.tex)
(/home/chieri/texmf/tex/generic/pgf/basiclayer/pgfcoregraphicstate.code.tex)
(/home/chieri/texmf/tex/generic/pgf/basiclayer/pgfcoretransformations.code.tex)
 (/home/chieri/texmf/tex/generic/pgf/basiclayer/pgfcorequick.code.tex)
(/home/chieri/texmf/tex/generic/pgf/basiclayer/pgfcoreobjects.code.tex)
(/home/chieri/texmf/tex/generic/pgf/basiclayer/pgfcorepathprocessing.code.tex)
(/home/chieri/texmf/tex/generic/pgf/basiclayer/pgfcorearrows.code.tex)
(/home/chieri/texmf/tex/generic/pgf/basiclayer/pgfcoreshade.code.tex)
(/home/chieri/texmf/tex/generic/pgf/basiclayer/pgfcoreimage.code.tex
(/home/chieri/texmf/tex/generic/pgf/basiclayer/pgfcoreexternal.code.tex))
(/home/chieri/texmf/tex/generic/pgf/basiclayer/pgfcorelayers.code.tex)
(/home/chieri/texmf/tex/generic/pgf/basiclayer/pgfcoretransparency.code.tex)
(/home/chieri/texmf/tex/generic/pgf/basiclayer/pgfcorepatterns.code.tex)))
(/home/chieri/texmf/tex/generic/pgf/modules/pgfmoduleshapes.code.tex)
(/home/chieri/texmf/tex/generic/pgf/modules/pgfmoduleplot.code.tex)
(/home/chieri/texmf/tex/latex/pgf/compatibility/pgfcomp-version-0-65.sty)
(/home/chieri/texmf/tex/latex/pgf/compatibility/pgfcomp-version-1-18.sty))
(/home/chieri/texmf/tex/latex/pgf/utilities/pgffor.sty
(/home/chieri/texmf/tex/latex/pgf/utilities/pgfkeys.sty
(/home/chieri/texmf/tex/generic/pgf/utilities/pgfkeys.code.tex))
(/home/chieri/texmf/tex/latex/pgf/math/pgfmath.sty
(/home/chieri/texmf/tex/generic/pgf/math/pgfmath.code.tex))
(/home/chieri/texmf/tex/generic/pgf/utilities/pgffor.code.tex
(/home/chieri/texmf/tex/generic/pgf/math/pgfmath.code.tex)))
(/home/chieri/texmf/tex/generic/pgf/frontendlayer/tikz/tikz.code.tex
(/home/chieri/texmf/tex/generic/pgf/libraries/pgflibraryplothandlers.code.tex)
(/home/chieri/texmf/tex/generic/pgf/modules/pgfmodulematrix.code.tex)
(/home/chieri/texmf/tex/generic/pgf/frontendlayer/tikz/libraries/tikzlibrarytop
aths.code.tex))) (/home/chieri/texmf/tex/latex/titlesec/titlesec.sty)
(/home/chieri/texmf/tex/latex/tocloft/tocloft.sty)
(/home/chieri/texmf/tex/latex/wrapfig/wrapfig.sty)
(/home/chieri/texmf/tex/generic/xint/xintexpr.sty
(/home/chieri/texmf/tex/generic/xint/xintfrac.sty
(/home/chieri/texmf/tex/generic/xint/xint.sty
(/home/chieri/texmf/tex/generic/xint/xintcore.sty
(/home/chieri/texmf/tex/generic/xint/xintkernel.sty)))
(/home/chieri/texmf/tex/generic/xint/xintgcd.sty))
(/home/chieri/texmf/tex/generic/xint/xinttools.sty))

Package hyperref Warning: Unexpected value for option `hidelinks'
(hyperref)                is ignored on input line 65.

(/home/chieri/texmf/tex/latex/biblatex/lbx/english.lbx)
(/home/chieri/texmf/tex/latex/base/textcomp.sty
(/home/chieri/texmf/tex/latex/base/ts1enc.def))/usr/bin/pygmentize
 (./project.aux)
(/usr/share/texmf/tex/latex/lm/ot1lmr.fd) (./project.bbl)
*geometry* driver: auto-detecting
*geometry* detected driver: pdftex
(/usr/share/texlive/texmf-dist/tex/context/base/mkii/supp-pdf.mkii
[Loading MPS to PDF converter (version 2006.09.02).]
) (/usr/share/texlive/texmf-dist/tex/latex/oberdiek/epstopdf-base.sty
(/usr/share/texlive/texmf-dist/tex/latex/oberdiek/grfext.sty)
(/usr/share/texlive/texmf-dist/tex/latex/latexconfig/epstopdf-sys.cfg))
(/usr/share/texlive/texmf-dist/tex/latex/hyperref/nameref.sty
(/usr/share/texlive/texmf-dist/tex/generic/oberdiek/gettitlestring.sty))
(./project.out) (./project.out)
(/home/chieri/texmf/tex/latex/microtype/mt-cmr.cfg)
ABD: EverySelectfont initializing macros
(/home/chieri/texmf/tex/latex/siunitx/siunitx-abbreviations.cfg)
ABD: EveryShipout initializing macros (/usr/share/texmf/tex/latex/lm/omllmm.fd)
(/usr/share/texmf/tex/latex/lm/omslmsy.fd)
(/usr/share/texmf/tex/latex/lm/omxlmex.fd)
(/usr/share/texlive/texmf-dist/tex/latex/amsfonts/umsa.fd)
(/home/chieri/texmf/tex/latex/microtype/mt-msa.cfg)
(/usr/share/texlive/texmf-dist/tex/latex/amsfonts/umsb.fd)
(/home/chieri/texmf/tex/latex/microtype/mt-msb.cfg)
(/usr/share/texmf/tex/latex/lm/ot1lmss.fd)
(/usr/share/texmf/tex/latex/lm/ot1lmtt.fd) [1{/home/chieri/.texlive2016/texmf-v
ar/fonts/map/pdftex/updmap/pdftex.map}]pdfTeX warning (ext4): destination with 
the same identifier (name{page.1}) has been already used, duplicate ignored
<to be read again> 
                   \relax 
l.106     \lipsum
                  [1] [2] 
AED: lastpage setting LastPage
[3] (./project.aux) )
(see the transcript file for additional information){/usr/share/texmf/fonts/enc
/dvips/lm/lm-rm.enc}</usr/share/texmf/fonts/type1/public/lm/lmr10.pfb></usr/sha
re/texmf/fonts/type1/public/lm/lmr12.pfb></usr/share/texmf/fonts/type1/public/l
m/lmr17.pfb>
Output written on project.pdf (4 pages, 89158 bytes).
SyncTeX written on project.synctex.gz.
Transcript written on project.log.
Latexmk: Found input bbl file 'project.bbl'
Latexmk: Log file says output to 'project.pdf'
Latexmk: Found biber source file(s) [project.bcf]
Biber warning: [703] Utils.pm:164> WARN - No data sources defined!
Latexmk: All targets (project.pdf) are up-to-date
