[2018-04-25 00:02:32.751] [exthost1] [info] extension host started
[2018-04-25 00:02:32.831] [exthost1] [info] ExtensionService#_doActivateExtension vscode.emmet {"startup":true,"activationEvent":"*"}
[2018-04-25 00:02:32.832] [exthost1] [info] ExtensionService#loadCommonJSModule /usr/share/code/resources/app/extensions/emmet/out/extension
[2018-04-25 00:02:33.057] [exthost1] [info] ExtensionService#_doActivateExtension vscode.git {"startup":true,"activationEvent":"*"}
[2018-04-25 00:02:33.057] [exthost1] [info] ExtensionService#loadCommonJSModule /usr/share/code/resources/app/extensions/git/out/main
[2018-04-25 00:02:34.094] [exthost1] [info] ExtensionService#_doActivateExtension vscode.merge-conflict {"startup":true,"activationEvent":"*"}
[2018-04-25 00:02:34.094] [exthost1] [info] ExtensionService#loadCommonJSModule /usr/share/code/resources/app/extensions/merge-conflict/out/extension
[2018-04-25 00:02:34.169] [exthost1] [info] ExtensionService#_doActivateExtension vscodevim.vim {"startup":true,"activationEvent":"*"}
[2018-04-25 00:02:34.169] [exthost1] [info] ExtensionService#loadCommonJSModule /home/chieri/.vscode/extensions/vscodevim.vim-0.11.5/out/extension
[2018-04-25 00:02:35.561] [exthost1] [info] eager extensions activated
[2018-04-25 00:06:55.144] [exthost1] [info] extension host started
[2018-04-25 00:06:55.228] [exthost1] [info] ExtensionService#_doActivateExtension vscode.emmet {"startup":true,"activationEvent":"*"}
[2018-04-25 00:06:55.228] [exthost1] [info] ExtensionService#loadCommonJSModule /usr/share/code/resources/app/extensions/emmet/out/extension
[2018-04-25 00:06:55.560] [exthost1] [info] ExtensionService#_doActivateExtension vscode.git {"startup":true,"activationEvent":"*"}
[2018-04-25 00:06:55.560] [exthost1] [info] ExtensionService#loadCommonJSModule /usr/share/code/resources/app/extensions/git/out/main
[2018-04-25 00:06:56.248] [exthost1] [info] ExtensionService#_doActivateExtension vscode.merge-conflict {"startup":true,"activationEvent":"*"}
[2018-04-25 00:06:56.248] [exthost1] [info] ExtensionService#loadCommonJSModule /usr/share/code/resources/app/extensions/merge-conflict/out/extension
[2018-04-25 00:06:56.287] [exthost1] [info] ExtensionService#_doActivateExtension vscodevim.vim {"startup":true,"activationEvent":"*"}
[2018-04-25 00:06:56.287] [exthost1] [info] ExtensionService#loadCommonJSModule /home/chieri/.vscode/extensions/vscodevim.vim-0.11.5/out/extension
[2018-04-25 00:06:57.523] [exthost1] [info] eager extensions activated
[2018-04-25 00:06:57.534] [exthost1] [info] ExtensionService#_doActivateExtension James-Yu.latex-workshop {"startup":false,"activationEvent":"onLanguage:latex"}
[2018-04-25 00:06:57.534] [exthost1] [info] ExtensionService#loadCommonJSModule /home/chieri/.vscode/extensions/James-Yu.latex-workshop-5.3.1/out/src/main
[2018-04-25 00:11:46.384] [exthost1] [info] ExtensionService#_doActivateExtension vscode.configuration-editing {"startup":false,"activationEvent":"onLanguage:jsonc"}
[2018-04-25 00:11:46.384] [exthost1] [info] ExtensionService#loadCommonJSModule /usr/share/code/resources/app/extensions/configuration-editing/out/extension
[2018-04-25 00:11:46.425] [exthost1] [info] ExtensionService#_doActivateExtension vscode.json-language-features {"startup":false,"activationEvent":"onLanguage:jsonc"}
[2018-04-25 00:11:46.425] [exthost1] [info] ExtensionService#loadCommonJSModule /usr/share/code/resources/app/extensions/json-language-features/client/out/jsonMain
[2018-04-25 16:34:37.420] [exthost1] [info] extension host started
[2018-04-25 16:34:37.594] [exthost1] [info] ExtensionService#_doActivateExtension vscode.emmet {"startup":true,"activationEvent":"*"}
[2018-04-25 16:34:37.595] [exthost1] [info] ExtensionService#loadCommonJSModule /usr/share/code/resources/app/extensions/emmet/out/extension
[2018-04-25 16:34:38.069] [exthost1] [info] ExtensionService#_doActivateExtension vscode.git {"startup":true,"activationEvent":"*"}
[2018-04-25 16:34:38.069] [exthost1] [info] ExtensionService#loadCommonJSModule /usr/share/code/resources/app/extensions/git/out/main
[2018-04-25 16:34:39.435] [exthost1] [info] ExtensionService#_doActivateExtension vscode.merge-conflict {"startup":true,"activationEvent":"*"}
[2018-04-25 16:34:39.435] [exthost1] [info] ExtensionService#loadCommonJSModule /usr/share/code/resources/app/extensions/merge-conflict/out/extension
[2018-04-25 16:34:39.504] [exthost1] [info] eager extensions activated
[2018-04-25 16:34:39.563] [exthost1] [info] ExtensionService#_doActivateExtension vscode.configuration-editing {"startup":false,"activationEvent":"onLanguage:jsonc"}
[2018-04-25 16:34:39.563] [exthost1] [info] ExtensionService#loadCommonJSModule /usr/share/code/resources/app/extensions/configuration-editing/out/extension
[2018-04-25 16:34:39.620] [exthost1] [info] ExtensionService#_doActivateExtension vscode.json-language-features {"startup":false,"activationEvent":"onLanguage:jsonc"}
[2018-04-25 16:34:39.620] [exthost1] [info] ExtensionService#loadCommonJSModule /usr/share/code/resources/app/extensions/json-language-features/client/out/jsonMain
[2018-04-25 16:34:40.354] [exthost1] [info] ExtensionService#_doActivateExtension James-Yu.latex-workshop {"startup":false,"activationEvent":"onLanguage:latex"}
[2018-04-25 16:34:40.354] [exthost1] [info] ExtensionService#loadCommonJSModule /home/chieri/.vscode/extensions/James-Yu.latex-workshop-5.3.1/out/src/main
