[2018-04-25 00:27:59.758] [renderer1] [error] spawn SumatraPDF.exe ENOENT: Error: spawn SumatraPDF.exe ENOENT
	at exports._errnoException (util.js:1050:11)
	at Process.ChildProcess._handle.onexit (internal/child_process.js:193:32)
	at onErrorNT (internal/child_process.js:367:16)
	at _combinedTickCallback (internal/process/next_tick.js:80:11)
	at process._tickCallback (internal/process/next_tick.js:104:9)
[2018-04-25 00:28:41.761] [renderer1] [error] spawn SumatraPDF.exe ENOENT: Error: spawn SumatraPDF.exe ENOENT
	at exports._errnoException (util.js:1050:11)
	at Process.ChildProcess._handle.onexit (internal/child_process.js:193:32)
	at onErrorNT (internal/child_process.js:367:16)
	at _combinedTickCallback (internal/process/next_tick.js:80:11)
	at process._tickCallback (internal/process/next_tick.js:104:9)
[2018-04-25 01:01:02.591] [renderer1] [error] Unable to write into user settings because the file is dirty. Please save the user settings file first and then try again.: Error: Unable to write into user settings because the file is dirty. Please save the user settings file first and then try again.
    at new t (file:///usr/share/code/resources/app/out/vs/workbench/workbench.main.js:3938:871)
    at e.wrapError (file:///usr/share/code/resources/app/out/vs/workbench/workbench.main.js:3942:709)
    at file:///usr/share/code/resources/app/out/vs/workbench/workbench.main.js:3946:766
    at Object.g [as _notify] (file:///usr/share/code/resources/app/out/vs/workbench/workbench.main.js:146:572)
    at Object.enter (file:///usr/share/code/resources/app/out/vs/workbench/workbench.main.js:149:924)
    at n.Class.derive._creator._run (file:///usr/share/code/resources/app/out/vs/workbench/workbench.main.js:151:719)
    at n.Class.derive._creator._completed (file:///usr/share/code/resources/app/out/vs/workbench/workbench.main.js:151:160)
    at n.Class.derive._creator.then (file:///usr/share/code/resources/app/out/vs/workbench/workbench.main.js:153:119)
    at Object.enter (file:///usr/share/code/resources/app/out/vs/workbench/workbench.main.js:149:3)
    at n.Class.derive._creator._run (file:///usr/share/code/resources/app/out/vs/workbench/workbench.main.js:151:719)
    at n.Class.derive._creator._setCompleteValue (file:///usr/share/code/resources/app/out/vs/workbench/workbench.main.js:151:413)
    at Object.g [as _notify] (file:///usr/share/code/resources/app/out/vs/workbench/workbench.main.js:146:552)
    at Object.enter (file:///usr/share/code/resources/app/out/vs/workbench/workbench.main.js:149:924)
    at n.Class.derive._creator._run (file:///usr/share/code/resources/app/out/vs/workbench/workbench.main.js:151:719)
    at n.Class.derive._creator._completed (file:///usr/share/code/resources/app/out/vs/workbench/workbench.main.js:151:160)
    at n.Class.define.cancel.then (file:///usr/share/code/resources/app/out/vs/workbench/workbench.main.js:153:119)
    at Object.enter (file:///usr/share/code/resources/app/out/vs/workbench/workbench.main.js:149:3)
    at n.Class.derive._creator._run (file:///usr/share/code/resources/app/out/vs/workbench/workbench.main.js:151:719)
    at n.Class.derive._creator._setCompleteValue (file:///usr/share/code/resources/app/out/vs/workbench/workbench.main.js:151:413)
    at Object.g [as _notify] (file:///usr/share/code/resources/app/out/vs/workbench/workbench.main.js:146:552)
    at Object.enter (file:///usr/share/code/resources/app/out/vs/workbench/workbench.main.js:149:924)
    at n.Class.derive._oncancel._run (file:///usr/share/code/resources/app/out/vs/workbench/workbench.main.js:151:719)
    at n.Class.derive._oncancel._completed (file:///usr/share/code/resources/app/out/vs/workbench/workbench.main.js:151:160)
    at file:///usr/share/code/resources/app/out/vs/workbench/workbench.main.js:192:503
    at file:///usr/share/code/resources/app/out/vs/workbench/workbench.main.js:274:985
    at /usr/share/code/resources/app/node_modules.asar/graceful-fs/polyfills.js:287:18
    at FSReqWrap.oncomplete (original-fs.js:114:15)
[2018-04-25 13:59:09.157] [renderer1] [error] Cannot read property 'lineNumber' of null: TypeError: Cannot read property 'lineNumber' of null
    at t.render (file:///usr/share/code/resources/app/out/vs/workbench/workbench.main.js:3748:646)
    at t.filterPreferences (file:///usr/share/code/resources/app/out/vs/workbench/workbench.main.js:3732:844)
    at file:///usr/share/code/resources/app/out/vs/workbench/workbench.main.js:3774:698
    at Object.g [as _notify] (file:///usr/share/code/resources/app/out/vs/workbench/workbench.main.js:146:572)
    at Object.enter (file:///usr/share/code/resources/app/out/vs/workbench/workbench.main.js:149:924)
    at n.Class.derive._oncancel._run (file:///usr/share/code/resources/app/out/vs/workbench/workbench.main.js:151:719)
    at n.Class.derive._oncancel._completed (file:///usr/share/code/resources/app/out/vs/workbench/workbench.main.js:151:160)
    at l (file:///usr/share/code/resources/app/out/vs/workbench/workbench.main.js:154:654)
    at n.Class.derive.join.o.forEach.j.then.r.(anonymous function) (file:///usr/share/code/resources/app/out/vs/workbench/workbench.main.js:154:868)
    at Object.g [as _notify] (file:///usr/share/code/resources/app/out/vs/workbench/workbench.main.js:146:572)
    at Object.enter (file:///usr/share/code/resources/app/out/vs/workbench/workbench.main.js:149:924)
    at n.Class.derive._creator._run (file:///usr/share/code/resources/app/out/vs/workbench/workbench.main.js:151:719)
    at n.Class.derive._creator._completed (file:///usr/share/code/resources/app/out/vs/workbench/workbench.main.js:151:160)
    at Object.g [as _notify] (file:///usr/share/code/resources/app/out/vs/workbench/workbench.main.js:146:572)
    at Object.enter (file:///usr/share/code/resources/app/out/vs/workbench/workbench.main.js:149:924)
    at n.Class.derive._oncancel._run (file:///usr/share/code/resources/app/out/vs/workbench/workbench.main.js:151:719)
    at n.Class.derive._oncancel._completed (file:///usr/share/code/resources/app/out/vs/workbench/workbench.main.js:151:160)
    at t.<anonymous> (file:///usr/share/code/resources/app/out/vs/workbench/workbench.main.js:4855:679)
    at emitNone (events.js:86:13)
    at t.emit (events.js:188:7)
    at endReadableNT (_stream_readable.js:975:12)
    at _combinedTickCallback (internal/process/next_tick.js:80:11)
    at process._tickCallback (internal/process/next_tick.js:104:9)
