[2018-04-25 00:02:27.547] [sharedprocess] [info] main {"machineId":"573a42d5eb64b8063a84c3d0f8a3afba8fe5124752eb548e5d6256ccc2dcc749"}
[2018-04-25 00:02:27.674] [sharedprocess] [info] Scanned user extensions: 2
[2018-04-25 00:02:27.854] [sharedprocess] [info] Scanned system extensions: 69
[2018-04-25 00:02:30.938] [sharedprocess] [info] Scanned user extensions: 2
[2018-04-25 00:02:30.945] [sharedprocess] [info] Scanned user extensions: 2
[2018-04-25 00:02:31.307] [sharedprocess] [info] Scanned system extensions: 69
[2018-04-25 00:02:33.250] [sharedprocess] [info] Scanned user extensions: 2
[2018-04-25 00:03:07.571] [sharedprocess] [info] Starting to clean up unused language packs.
[2018-04-25 00:05:41.768] [sharedprocess] [info] Scanned user extensions: 2
[2018-04-25 00:05:41.795] [sharedprocess] [info] Scanned user extensions: 2
[2018-04-25 00:05:41.799] [sharedprocess] [info] Scanned user extensions: 2
[2018-04-25 00:05:42.096] [sharedprocess] [info] Scanned system extensions: 69
[2018-04-25 00:05:42.109] [sharedprocess] [info] Scanned system extensions: 69
[2018-04-25 00:06:22.875] [sharedprocess] [info] Installing extension: latex-workshop
[2018-04-25 00:06:25.904] [sharedprocess] [info] Downloaded extension: latex-workshop
[2018-04-25 00:06:37.397] [sharedprocess] [info] Extracted extension to /home/chieri/.vscode/extensions/.James-Yu.latex-workshop-5.3.1: James-Yu.latex-workshop-5.3.1
[2018-04-25 00:06:37.398] [sharedprocess] [info] Renamed to /home/chieri/.vscode/extensions/James-Yu.latex-workshop-5.3.1
[2018-04-25 00:06:37.398] [sharedprocess] [info] Installation completed. James-Yu.latex-workshop-5.3.1
[2018-04-25 00:06:37.485] [sharedprocess] [info] Extensions installed successfully: James-Yu.latex-workshop
[2018-04-25 00:06:37.908] [sharedprocess] [info] Scanned user extensions: 3
[2018-04-25 00:06:38.054] [sharedprocess] [info] Scanned system extensions: 69
[2018-04-25 00:06:52.750] [sharedprocess] [info] Scanned user extensions: 3
[2018-04-25 00:06:52.760] [sharedprocess] [info] Scanned user extensions: 3
[2018-04-25 00:06:52.793] [sharedprocess] [info] Scanned user extensions: 3
[2018-04-25 00:06:52.865] [sharedprocess] [info] Scanned user extensions: 3
[2018-04-25 00:06:52.870] [sharedprocess] [info] Scanned user extensions: 3
[2018-04-25 00:06:53.128] [sharedprocess] [info] Scanned system extensions: 69
[2018-04-25 00:06:53.137] [sharedprocess] [info] Scanned system extensions: 69
[2018-04-25 00:06:53.159] [sharedprocess] [info] Scanned system extensions: 69
[2018-04-25 00:06:56.577] [sharedprocess] [info] Scanned user extensions: 3
[2018-04-25 00:11:56.736] [sharedprocess] [info] Scanned user extensions: 3
[2018-04-25 00:16:56.800] [sharedprocess] [info] Scanned user extensions: 3
[2018-04-25 00:21:57.239] [sharedprocess] [info] Scanned user extensions: 3
[2018-04-25 00:26:57.374] [sharedprocess] [info] Scanned user extensions: 3
[2018-04-25 00:31:57.421] [sharedprocess] [info] Scanned user extensions: 3
[2018-04-25 00:36:57.481] [sharedprocess] [info] Scanned user extensions: 3
[2018-04-25 00:41:57.537] [sharedprocess] [info] Scanned user extensions: 3
[2018-04-25 00:46:57.565] [sharedprocess] [info] Scanned user extensions: 3
[2018-04-25 00:51:57.588] [sharedprocess] [info] Scanned user extensions: 3
[2018-04-25 00:56:57.619] [sharedprocess] [info] Scanned user extensions: 3
[2018-04-25 01:01:57.744] [sharedprocess] [info] Scanned user extensions: 3
[2018-04-25 01:06:57.773] [sharedprocess] [info] Scanned user extensions: 3
[2018-04-25 12:50:14.094] [sharedprocess] [info] Scanned user extensions: 3
[2018-04-25 12:55:14.117] [sharedprocess] [info] Scanned user extensions: 3
[2018-04-25 13:00:14.136] [sharedprocess] [info] Scanned user extensions: 3
[2018-04-25 13:05:14.161] [sharedprocess] [info] Scanned user extensions: 3
[2018-04-25 13:10:14.180] [sharedprocess] [info] Scanned user extensions: 3
[2018-04-25 13:15:14.197] [sharedprocess] [info] Scanned user extensions: 3
[2018-04-25 13:20:14.216] [sharedprocess] [info] Scanned user extensions: 3
[2018-04-25 13:25:14.242] [sharedprocess] [info] Scanned user extensions: 3
[2018-04-25 13:30:14.299] [sharedprocess] [info] Scanned user extensions: 3
[2018-04-25 13:35:14.329] [sharedprocess] [info] Scanned user extensions: 3
[2018-04-25 13:40:14.347] [sharedprocess] [info] Scanned user extensions: 3
[2018-04-25 13:45:14.370] [sharedprocess] [info] Scanned user extensions: 3
[2018-04-25 13:50:14.535] [sharedprocess] [info] Scanned user extensions: 3
[2018-04-25 13:55:14.575] [sharedprocess] [info] Scanned user extensions: 3
[2018-04-25 14:00:14.649] [sharedprocess] [info] Scanned user extensions: 3
[2018-04-25 14:05:14.957] [sharedprocess] [info] Scanned user extensions: 3
[2018-04-25 14:10:15.152] [sharedprocess] [info] Scanned user extensions: 3
[2018-04-25 14:15:15.471] [sharedprocess] [info] Scanned user extensions: 3
[2018-04-25 14:20:15.615] [sharedprocess] [info] Scanned user extensions: 3
[2018-04-25 14:25:15.679] [sharedprocess] [info] Scanned user extensions: 3
[2018-04-25 14:30:15.700] [sharedprocess] [info] Scanned user extensions: 3
[2018-04-25 14:35:15.758] [sharedprocess] [info] Scanned user extensions: 3
[2018-04-25 14:40:16.034] [sharedprocess] [info] Scanned user extensions: 3
[2018-04-25 14:45:16.067] [sharedprocess] [info] Scanned user extensions: 3
[2018-04-25 14:50:18.247] [sharedprocess] [info] Scanned user extensions: 3
[2018-04-25 14:55:18.494] [sharedprocess] [info] Scanned user extensions: 3
[2018-04-25 15:00:18.741] [sharedprocess] [info] Scanned user extensions: 3
[2018-04-25 15:05:18.954] [sharedprocess] [info] Scanned user extensions: 3
[2018-04-25 15:10:19.010] [sharedprocess] [info] Scanned user extensions: 3
[2018-04-25 15:15:19.037] [sharedprocess] [info] Scanned user extensions: 3
[2018-04-25 15:20:48.665] [sharedprocess] [info] Scanned user extensions: 3
[2018-04-25 15:25:48.684] [sharedprocess] [info] Scanned user extensions: 3
[2018-04-25 15:30:48.715] [sharedprocess] [info] Scanned user extensions: 3
[2018-04-25 15:35:48.731] [sharedprocess] [info] Scanned user extensions: 3
[2018-04-25 15:40:48.760] [sharedprocess] [info] Scanned user extensions: 3
[2018-04-25 15:45:48.779] [sharedprocess] [info] Scanned user extensions: 3
[2018-04-25 15:50:49.252] [sharedprocess] [info] Scanned user extensions: 3
[2018-04-25 15:55:49.272] [sharedprocess] [info] Scanned user extensions: 3
[2018-04-25 16:00:49.294] [sharedprocess] [info] Scanned user extensions: 3
[2018-04-25 16:05:49.350] [sharedprocess] [info] Scanned user extensions: 3
[2018-04-25 16:10:49.384] [sharedprocess] [info] Scanned user extensions: 3
[2018-04-25 16:15:49.404] [sharedprocess] [info] Scanned user extensions: 3
[2018-04-25 16:20:49.435] [sharedprocess] [info] Scanned user extensions: 3
[2018-04-25 16:25:49.461] [sharedprocess] [info] Scanned user extensions: 3
[2018-04-25 16:30:49.486] [sharedprocess] [info] Scanned user extensions: 3
[2018-04-25 16:34:20.611] [sharedprocess] [info] Scanned user extensions: 3
[2018-04-25 16:34:20.898] [sharedprocess] [info] Scanned system extensions: 69
[2018-04-25 16:34:28.339] [sharedprocess] [info] Scanned user extensions: 3
[2018-04-25 16:34:28.452] [sharedprocess] [info] Scanned system extensions: 69
[2018-04-25 16:34:34.006] [sharedprocess] [info] Scanned user extensions: 3
[2018-04-25 16:34:34.009] [sharedprocess] [info] Scanned user extensions: 3
[2018-04-25 16:34:34.028] [sharedprocess] [info] Scanned user extensions: 3
[2018-04-25 16:34:34.086] [sharedprocess] [info] Scanned user extensions: 3
[2018-04-25 16:34:34.096] [sharedprocess] [info] Scanned user extensions: 3
[2018-04-25 16:34:34.452] [sharedprocess] [info] Scanned system extensions: 69
[2018-04-25 16:34:34.467] [sharedprocess] [info] Scanned system extensions: 69
[2018-04-25 16:34:34.481] [sharedprocess] [info] Scanned system extensions: 69
[2018-04-25 16:34:39.315] [sharedprocess] [info] Scanned user extensions: 3
[2018-04-25 16:39:39.368] [sharedprocess] [info] Scanned user extensions: 3
[2018-04-25 16:44:39.407] [sharedprocess] [info] Scanned user extensions: 3
[2018-04-25 16:49:39.424] [sharedprocess] [info] Scanned user extensions: 3
[2018-04-25 16:54:40.120] [sharedprocess] [info] Scanned user extensions: 3
[2018-04-25 16:59:40.137] [sharedprocess] [info] Scanned user extensions: 3
[2018-04-25 17:04:40.156] [sharedprocess] [info] Scanned user extensions: 3
[2018-04-25 17:09:40.175] [sharedprocess] [info] Scanned user extensions: 3
[2018-04-25 17:14:40.209] [sharedprocess] [info] Scanned user extensions: 3
[2018-04-25 17:19:40.230] [sharedprocess] [info] Scanned user extensions: 3
[2018-04-25 17:24:40.248] [sharedprocess] [info] Scanned user extensions: 3
[2018-04-25 17:29:40.298] [sharedprocess] [info] Scanned user extensions: 3
[2018-04-25 17:34:40.322] [sharedprocess] [info] Scanned user extensions: 3
[2018-04-25 17:39:40.339] [sharedprocess] [info] Scanned user extensions: 3
[2018-04-25 17:44:40.360] [sharedprocess] [info] Scanned user extensions: 3
[2018-04-25 17:49:40.380] [sharedprocess] [info] Scanned user extensions: 3
[2018-04-25 17:54:40.814] [sharedprocess] [info] Scanned user extensions: 3
[2018-04-25 17:59:40.837] [sharedprocess] [info] Scanned user extensions: 3
[2018-04-25 18:04:40.853] [sharedprocess] [info] Scanned user extensions: 3
[2018-04-25 18:09:40.878] [sharedprocess] [info] Scanned user extensions: 3
[2018-04-25 18:14:40.900] [sharedprocess] [info] Scanned user extensions: 3
[2018-04-25 18:19:47.864] [sharedprocess] [info] Scanned user extensions: 3
[2018-04-25 18:24:48.723] [sharedprocess] [info] Scanned user extensions: 3
[2018-04-25 18:29:48.752] [sharedprocess] [info] Scanned user extensions: 3
[2018-04-25 18:34:48.771] [sharedprocess] [info] Scanned user extensions: 3
[2018-04-25 18:39:48.787] [sharedprocess] [info] Scanned user extensions: 3
[2018-04-25 18:44:48.804] [sharedprocess] [info] Scanned user extensions: 3
[2018-04-25 18:49:48.828] [sharedprocess] [info] Scanned user extensions: 3
[2018-04-25 18:54:49.315] [sharedprocess] [info] Scanned user extensions: 3
[2018-04-25 18:59:49.364] [sharedprocess] [info] Scanned user extensions: 3
[2018-04-25 19:04:49.511] [sharedprocess] [info] Scanned user extensions: 3
[2018-04-25 19:09:49.545] [sharedprocess] [info] Scanned user extensions: 3
[2018-04-25 19:14:49.586] [sharedprocess] [info] Scanned user extensions: 3
[2018-04-25 19:19:49.662] [sharedprocess] [info] Scanned user extensions: 3
[2018-04-25 19:24:49.684] [sharedprocess] [info] Scanned user extensions: 3
[2018-04-25 19:29:49.762] [sharedprocess] [info] Scanned user extensions: 3
[2018-04-25 19:34:49.783] [sharedprocess] [info] Scanned user extensions: 3
[2018-04-25 19:39:49.804] [sharedprocess] [info] Scanned user extensions: 3
[2018-04-25 19:44:49.834] [sharedprocess] [info] Scanned user extensions: 3
[2018-04-25 19:49:49.855] [sharedprocess] [info] Scanned user extensions: 3
[2018-04-25 19:54:50.343] [sharedprocess] [info] Scanned user extensions: 3
[2018-04-25 19:59:50.359] [sharedprocess] [info] Scanned user extensions: 3
[2018-04-25 20:04:50.401] [sharedprocess] [info] Scanned user extensions: 3
[2018-04-25 20:09:50.450] [sharedprocess] [info] Scanned user extensions: 3
[2018-04-25 20:14:50.487] [sharedprocess] [info] Scanned user extensions: 3
[2018-04-25 20:19:50.504] [sharedprocess] [info] Scanned user extensions: 3
[2018-04-25 20:24:50.534] [sharedprocess] [info] Scanned user extensions: 3
[2018-04-25 20:29:50.562] [sharedprocess] [info] Scanned user extensions: 3
[2018-04-25 20:34:50.578] [sharedprocess] [info] Scanned user extensions: 3
[2018-04-25 20:39:50.608] [sharedprocess] [info] Scanned user extensions: 3
[2018-04-25 20:44:50.626] [sharedprocess] [info] Scanned user extensions: 3
[2018-04-25 20:49:50.653] [sharedprocess] [info] Scanned user extensions: 3
[2018-04-25 20:54:51.101] [sharedprocess] [info] Scanned user extensions: 3
[2018-04-25 20:59:51.120] [sharedprocess] [info] Scanned user extensions: 3
